[ 2015-07-21T11:09:20+08:00 ] 127.0.0.1 /Mengbn/MengbnCMS/index.php?g=user&m=index&a=is_login
INFO: [ app_begin ] --START--
INFO: Run Behavior\ReadHtmlCacheBehavior [ RunTime:0.001172s ]
INFO: Run Behavior\CheckLangBehavior [ RunTime:0.001850s ]
INFO: [ app_begin ] --END-- [ RunTime:0.003616s ]
NOTIC: [8] Undefined index: url C:\softexe\wamp\www\Mengbn\MengbnCMS\application\Common\Controller\AppframeController.class.php 第 43 行.

[ 2015-07-21T11:09:23+08:00 ] 127.0.0.1 /mengbn/mengbncms/index.php?g=user&m=index&a=is_login
INFO: [ app_begin ] --START--
INFO: Run Behavior\ReadHtmlCacheBehavior [ RunTime:0.001202s ]
INFO: Run Behavior\CheckLangBehavior [ RunTime:0.001815s ]
INFO: [ app_begin ] --END-- [ RunTime:0.003584s ]
NOTIC: [8] Undefined index: url C:\softexe\wamp\www\Mengbn\MengbnCMS\application\Common\Controller\AppframeController.class.php 第 43 行.

[ 2015-07-21T11:09:30+08:00 ] 127.0.0.1 /mengbn/mengbncms/index.php?g=user&m=index&a=is_login
INFO: [ app_begin ] --START--
INFO: Run Behavior\ReadHtmlCacheBehavior [ RunTime:0.001149s ]
INFO: Run Behavior\CheckLangBehavior [ RunTime:0.001837s ]
INFO: [ app_begin ] --END-- [ RunTime:0.003553s ]
NOTIC: [8] Undefined index: url C:\softexe\wamp\www\Mengbn\MengbnCMS\application\Common\Controller\AppframeController.class.php 第 43 行.

[ 2015-07-21T11:09:34+08:00 ] 127.0.0.1 /mengbn/mengbncms/index.php?g=user&m=index&a=is_login
INFO: [ app_begin ] --START--
INFO: Run Behavior\ReadHtmlCacheBehavior [ RunTime:0.001400s ]
INFO: Run Behavior\CheckLangBehavior [ RunTime:0.002100s ]
INFO: [ app_begin ] --END-- [ RunTime:0.004103s ]
NOTIC: [8] Undefined index: url C:\softexe\wamp\www\Mengbn\MengbnCMS\application\Common\Controller\AppframeController.class.php 第 43 行.

[ 2015-07-21T11:09:54+08:00 ] 127.0.0.1 /mengbn/mengbncms/index.php?g=user&m=index&a=is_login
INFO: [ app_begin ] --START--
INFO: Run Behavior\ReadHtmlCacheBehavior [ RunTime:0.001087s ]
INFO: Run Behavior\CheckLangBehavior [ RunTime:0.001762s ]
INFO: [ app_begin ] --END-- [ RunTime:0.003470s ]
NOTIC: [8] Undefined index: url C:\softexe\wamp\www\Mengbn\MengbnCMS\application\Common\Controller\AppframeController.class.php 第 43 行.

[ 2015-07-21T11:09:58+08:00 ] 127.0.0.1 /mengbn/mengbncms/index.php?g=user&m=index&a=is_login
INFO: [ app_begin ] --START--
INFO: Run Behavior\ReadHtmlCacheBehavior [ RunTime:0.001105s ]
INFO: Run Behavior\CheckLangBehavior [ RunTime:0.001798s ]
INFO: [ app_begin ] --END-- [ RunTime:0.003512s ]
NOTIC: [8] Undefined index: url C:\softexe\wamp\www\Mengbn\MengbnCMS\application\Common\Controller\AppframeController.class.php 第 43 行.

